<?xml version="1.0" encoding="UTF-8"?>
<!-- Generated by org.testng.reporters.JUnitXMLReporter -->
<testsuite ignored="0" hostname="Kruthi" failures="0" tests="3" name="Default test" time="8.607" errors="0" timestamp="2025-03-14T13:26:47 PDT">
  <testcase classname="selenium.SauceDemo" name="launchApp" time="5.61"/>
  <testcase classname="selenium.SauceDemo" name="login" time="2.319"/>
  <testcase classname="selenium.SauceDemo" name="navigateToMyinfo" time="0.617"/>
</testsuite> <!-- Default test -->
