<?xml version="1.0" encoding="UTF-8"?>
<!-- Generated by org.testng.reporters.JUnitXMLReporter -->
<testsuite ignored="0" hostname="Kruthi" failures="0" tests="3" name="orangeHrm" time="7.793" errors="0" timestamp="2025-03-14T14:01:28 PDT">
  <testcase classname="selenium.SauceDemo" name="launchApp" time="4.858"/>
  <testcase classname="selenium.SauceDemo" name="login" time="2.312"/>
  <testcase classname="selenium.SauceDemo" name="navigateToMyinfo" time="0.612"/>
</testsuite> <!-- orangeHrm -->
