<?xml version="1.0" encoding="UTF-8"?>
<testng-results ignored="1" total="5" passed="4" failed="0" skipped="0">
  <reporter-output>
  </reporter-output>
  <suite started-at="2025-03-14T14:01:13 PDT" name="Demo" finished-at="2025-03-14T14:01:28 PDT" duration-ms="14970">
    <groups>
    </groups>
    <test started-at="2025-03-14T14:01:13 PDT" name="Testgoogle" finished-at="2025-03-14T14:01:21 PDT" duration-ms="7124">
      <class name="selenium.TestClass">
        <test-method signature="google()[pri:0, instance:selenium.TestClass@4c178a76]" started-at="2025-03-14T14:01:14 PDT" name="google" finished-at="2025-03-14T14:01:21 PDT" duration-ms="7059" status="PASS">
          <reporter-output>
          </reporter-output>
        </test-method> <!-- google -->
      </class> <!-- selenium.TestClass -->
    </test> <!-- Testgoogle -->
    <test started-at="2025-03-14T14:01:21 PDT" name="orangeHrm" finished-at="2025-03-14T14:01:28 PDT" duration-ms="7793">
      <class name="selenium.SauceDemo">
        <test-method signature="launchApp()[pri:0, instance:selenium.SauceDemo@3098cf3b]" started-at="2025-03-14T14:01:21 PDT" name="launchApp" finished-at="2025-03-14T14:01:26 PDT" duration-ms="4858" status="PASS">
          <reporter-output>
          </reporter-output>
        </test-method> <!-- launchApp -->
        <test-method signature="login()[pri:0, instance:selenium.SauceDemo@3098cf3b]" started-at="2025-03-14T14:01:26 PDT" name="login" finished-at="2025-03-14T14:01:28 PDT" duration-ms="2312" status="PASS">
          <reporter-output>
          </reporter-output>
        </test-method> <!-- login -->
        <test-method signature="navigateToMyinfo()[pri:0, instance:selenium.SauceDemo@3098cf3b]" started-at="2025-03-14T14:01:28 PDT" name="navigateToMyinfo" finished-at="2025-03-14T14:01:28 PDT" duration-ms="612" status="PASS">
          <reporter-output>
          </reporter-output>
        </test-method> <!-- navigateToMyinfo -->
      </class> <!-- selenium.SauceDemo -->
    </test> <!-- orangeHrm -->
  </suite> <!-- Demo -->
</testng-results>
